0 info it worked if it ends with ok
1 verbose cli [ 'node', '/usr/local/bin/npm', 'uninstall', 'request', '--save' ]
2 info using npm@1.4.28
3 info using node@v0.10.33
4 verbose node_modules/request unbuild
5 info preuninstall request@2.55.0
6 info uninstall request@2.55.0
7 verbose true,/Users/cameronmclean/Projects/hyperPatterns/site/node_modules,/Users/cameronmclean/Projects/hyperPatterns/site/node_modules unbuild request@2.55.0
8 info postuninstall request@2.55.0
9 error Error: EACCES, unlink '/Users/cameronmclean/Projects/hyperPatterns/site/node_modules/request/node_modules/.bin/har-validator'
9 error  { [Error: EACCES, unlink '/Users/cameronmclean/Projects/hyperPatterns/site/node_modules/request/node_modules/.bin/har-validator']
9 error   errno: 3,
9 error   code: 'EACCES',
9 error   path: '/Users/cameronmclean/Projects/hyperPatterns/site/node_modules/request/node_modules/.bin/har-validator' }
10 error Please try running this command again as root/Administrator.
11 error System Darwin 14.3.0
12 error command "node" "/usr/local/bin/npm" "uninstall" "request" "--save"
13 error cwd /Users/cameronmclean/Projects/hyperPatterns/site
14 error node -v v0.10.33
15 error npm -v 1.4.28
16 error path /Users/cameronmclean/Projects/hyperPatterns/site/node_modules/request/node_modules/.bin/har-validator
17 error code EACCES
18 error errno 3
19 error stack Error: EACCES, unlink '/Users/cameronmclean/Projects/hyperPatterns/site/node_modules/request/node_modules/.bin/har-validator'
20 verbose exit [ 3, true ]
